<?xml version="1.0" encoding="UTF-8"?>
<!-- Generated by org.testng.reporters.JUnitReportReporter -->
<testsuite skipped="0" hostname="LAPTOP-SMC8HIAI" name="com.jenkins.Run" tests="1" failures="0" timestamp="30 Oct 2019 09:49:02 GMT" time="0.003" errors="0">
  <testcase name="print" time="0.003" classname="com.jenkins.Run"/>
</testsuite> <!-- com.jenkins.Run -->
